{"message":"listening on port 3000","level":"info"}
{"message":"Connected to mongodb://localhost/vidly...","level":"info"}
{"message":"listening on port 3000","level":"info"}
{"message":"Connected to mongodb://localhost/vidly...","level":"info"}
{"message":"Connected to mongodb://localhost/vidly...","level":"info"}
{"message":"listening on port 3000","level":"info"}
{"message":"Connected to mongodb://localhost/vidly...","level":"info"}
{"message":"listening on port 3000","level":"info"}
{"message":"listening on port 3000","level":"info"}
{"message":"Connected to mongodb://localhost/vidly...","level":"info"}
{"message":"listening on port 3000","level":"info"}
{"message":"Connected to mongodb://localhost/vidly...","level":"info"}
{"message":"listening on port 3000","level":"info"}
{"message":"Connected to mongodb://localhost/vidly...","level":"info"}
{"message":"listening on port 3000","level":"info"}
{"message":"Connected to mongodb://localhost/vidly...","level":"info"}
{"message":"listening on port 3000","level":"info"}
{"message":"listening on port 3000","level":"info"}
{"message":"listening on port 3000","level":"info"}
{"message":"Connected to mongodb://localhost/vidly...","level":"info"}
{"message":"listening on port 3000","level":"info"}
{"message":"Connected to mongodb://localhost/vidly...","level":"info"}
{"message":"listening on port 3000","level":"info"}
{"message":"Connected to mongodb://localhost/vidly...","level":"info"}
{"message":"listening on port 3000","level":"info"}
{"message":"Connected to mongodb://localhost/vidly...","level":"info"}
{"message":"listening on port 3000","level":"info"}
{"message":"Connected to mongodb://localhost/vidly...","level":"info"}
{"message":"listening on port 3000","level":"info"}
{"message":"Connected to mongodb://localhost/vidly...","level":"info"}
{"message":"listening on port 3000","level":"info"}
{"message":"Connected to mongodb://localhost/vidly...","level":"info"}
{"message":"listening on port 3000","level":"info"}
{"message":"Connected to mongodb://localhost/vidly...","level":"info"}
{"message":"listening on port 3000","level":"info"}
{"message":"Connected to mongodb://localhost/vidly...","level":"info"}
{"message":"listening on port 3000","level":"info"}
{"message":"Connected to mongodb://localhost/vidly...","level":"info"}
{"message":"listening on port 3000","level":"info"}
{"message":"listening on port 3000","level":"info"}
{"message":"Connected to mongodb://localhost/vidly...","level":"info"}
{"message":"listening on port 3000","level":"info"}
{"message":"Connected to mongodb://localhost/vidly...","level":"info"}
{"message":"listening on port 3000","level":"info"}
{"message":"Connected to mongodb://localhost/vidly...","level":"info"}
{"message":"Connected to mongodb://localhost/vidly...","level":"info"}
{"message":"listening on port 3000","level":"info"}
{"message":"Connected to mongodb://localhost/vidly...","level":"info"}
{"message":"listening on port 3000","level":"info"}
{"message":"Connected to mongodb://localhost/vidly...","level":"info"}
{"message":"listening on port 3000","level":"info"}
{"message":"Connected to mongodb://localhost/vidly...","level":"info"}
{"message":"listening on port 3000","level":"info"}
{"message":"Connected to mongodb://localhost/vidly...","level":"info"}
{"message":"listening on port 3000","level":"info"}
{"message":"Connected to mongodb://localhost/vidly...","level":"info"}
{"message":"Connected to mongodb://localhost/vidly...","level":"info"}
{"message":"listening on port 3000","level":"info"}
{"message":"Connected to mongodb://localhost/vidly...","level":"info"}
{"message":"listening on port 3000","level":"info"}
{"message":"Connected to mongodb://localhost/vidly...","level":"info"}
{"message":"listening on port 3000","level":"info"}
{"message":"Connected to mongodb://localhost/vidly...","level":"info"}
{"message":"Connected to mongodb://localhost/vidly...","level":"info"}
{"message":"listening on port 3000","level":"info"}
{"message":"Connected to mongodb://localhost/vidly...","level":"info"}
{"message":"listening on port 3000","level":"info"}
{"message":"listening on port 3000","level":"info"}
{"message":"Connected to mongodb://localhost/vidly...","level":"info"}
{"message":"Connected to mongodb://localhost/vidly...","level":"info"}
{"message":"listening on port 3000","level":"info"}
{"message":"Connected to mongodb://localhost/vidly...","level":"info"}
{"message":"listening on port 3000","level":"info"}
{"message":"Connected to mongodb://localhost/vidly...","level":"info"}
{"message":"listening on port 3000","level":"info"}
{"message":"Connected to mongodb://localhost/vidly...","level":"info"}
{"message":"Connected to mongodb://localhost/vidly...","level":"info"}
{"message":"listening on port 3000","level":"info"}
{"message":"Connected to mongodb://localhost/vidly...","level":"info"}
{"message":"listening on port 3000","level":"info"}
{"message":"Connected to mongodb://localhost/vidly...","level":"info"}
{"message":"Connected to mongodb://localhost/vidly...","level":"info"}
{"message":"listening on port 3000","level":"info"}
{"message":"Connected to mongodb://localhost/vidly...","level":"info"}
{"message":"listening on port 3000","level":"info"}
{"message":"Connected to mongodb://localhost/vidly...","level":"info"}
{"message":"listening on port 3000","level":"info"}
{"message":"Connected to mongodb://localhost/vidly...","level":"info"}
{"message":"listening on port 3000","level":"info"}
{"message":"Connected to mongodb://localhost/vidly...","level":"info"}
{"message":"listening on port 3000","level":"info"}
{"message":"Connected to mongodb://localhost/vidly...","level":"info"}
{"message":"listening on port 3000","level":"info"}
{"message":"Connected to mongodb://localhost/vidly...","level":"info"}
{"message":"listening on port 3000","level":"info"}
{"message":"Connected to mongodb://localhost/vidly...","level":"info"}
{"message":"Connected to mongodb://localhost/vidly...","level":"info"}
{"message":"listening on port 3000","level":"info"}
{"message":"Connected to mongodb://localhost/vidly...","level":"info"}
{"message":"listening on port 3000","level":"info"}
{"message":"Connected to mongodb://localhost/vidly...","level":"info"}
{"message":"listening on port 3000","level":"info"}
{"message":"listening on port 3000","level":"info"}
{"message":"Connected to mongodb://localhost/vidly...","level":"info"}
{"message":"listening on port 3000","level":"info"}
{"message":"Connected to mongodb://localhost/vidly...","level":"info"}
{"message":"listening on port 3000","level":"info"}
{"message":"listening on port 3000","level":"info"}
{"message":"Connected to mongodb://localhost/vidly...","level":"info"}
{"message":"listening on port 3000","level":"info"}
{"message":"Connected to mongodb://localhost/vidly...","level":"info"}
{"message":"listening on port 3000","level":"info"}
{"message":"Connected to mongodb://localhost/vidly...","level":"info"}
{"message":"listening on port 3000","level":"info"}
{"message":"Connected to mongodb://localhost/vidly...","level":"info"}
{"message":"Connected to mongodb://localhost/vidly...","level":"info"}
{"message":"listening on port 3000","level":"info"}
{"message":"Connected to mongodb://localhost/vidly...","level":"info"}
{"message":"listening on port 3000","level":"info"}
{"message":"Connected to mongodb://localhost/vidly...","level":"info"}
{"message":"Connected to mongodb://localhost/vidly...","level":"info"}
{"message":"listening on port 3000","level":"info"}
{"message":"Connected to mongodb://localhost/vidly...","level":"info"}
{"message":"Connected to mongodb://localhost/vidly...","level":"info"}
{"message":"listening on port 3000","level":"info"}
{"message":"Connected to mongodb://localhost/vidly...","level":"info"}
{"name":"Code400","statusCode":400,"level":"warn","message":"clientError: Invalid email or password.","stack":"Code400: Invalid email or password.\n    at Object.<anonymous> (G:\\User\\Documents\\WokingEnviroment\\Angular\\e-commerce-backend-typescript\\src\\api\\auth\\controller.ts:16:41)\n    at Generator.next (<anonymous>)\n    at fulfilled (G:\\User\\Documents\\WokingEnviroment\\Angular\\e-commerce-backend-typescript\\src\\api\\auth\\controller.ts:4:58)"}
{"name":"Code400","statusCode":400,"level":"warn","message":"clientError: Invalid email or password.","stack":"Code400: Invalid email or password.\n    at Object.<anonymous> (G:\\User\\Documents\\WokingEnviroment\\Angular\\e-commerce-backend-typescript\\src\\api\\auth\\controller.ts:16:41)\n    at Generator.next (<anonymous>)\n    at fulfilled (G:\\User\\Documents\\WokingEnviroment\\Angular\\e-commerce-backend-typescript\\src\\api\\auth\\controller.ts:4:58)"}
{"name":"Code400","statusCode":400,"level":"warn","message":"clientError: Invalid email or password.","stack":"Code400: Invalid email or password.\n    at Object.<anonymous> (G:\\User\\Documents\\WokingEnviroment\\Angular\\e-commerce-backend-typescript\\src\\api\\auth\\controller.ts:16:41)\n    at Generator.next (<anonymous>)\n    at fulfilled (G:\\User\\Documents\\WokingEnviroment\\Angular\\e-commerce-backend-typescript\\src\\api\\auth\\controller.ts:4:58)"}
{"name":"Code400","statusCode":400,"level":"warn","message":"clientError: Invalid email or password.","stack":"Code400: Invalid email or password.\n    at Object.<anonymous> (G:\\User\\Documents\\WokingEnviroment\\Angular\\e-commerce-backend-typescript\\src\\api\\auth\\controller.ts:16:41)\n    at Generator.next (<anonymous>)\n    at fulfilled (G:\\User\\Documents\\WokingEnviroment\\Angular\\e-commerce-backend-typescript\\src\\api\\auth\\controller.ts:4:58)"}
{"message":"listening on port 3000","level":"info"}
{"message":"Connected to mongodb://localhost/vidly...","level":"info"}
{"message":"listening on port 3000","level":"info"}
{"message":"Connected to mongodb://localhost/vidly...","level":"info"}
{"message":"listening on port 3000","level":"info"}
{"message":"Connected to mongodb://localhost/vidly...","level":"info"}
{"message":"listening on port 3000","level":"info"}
{"message":"Connected to mongodb://localhost/vidly...","level":"info"}
{"message":"listening on port 3000","level":"info"}
{"message":"Connected to mongodb://localhost/vidly...","level":"info"}
{"message":"listening on port 3000","level":"info"}
{"message":"Connected to mongodb://localhost/vidly...","level":"info"}
{"message":"listening on port 3000","level":"info"}
{"message":"Connected to mongodb://localhost/vidly...","level":"info"}
{"message":"listening on port 3000","level":"info"}
{"message":"Connected to mongodb://localhost/vidly...","level":"info"}
{"message":"listening on port 3000","level":"info"}
{"message":"Connected to mongodb://localhost/vidly...","level":"info"}
{"message":"listening on port 3000","level":"info"}
{"message":"Connected to mongodb://localhost/vidly...","level":"info"}
{"message":"listening on port 3000","level":"info"}
{"message":"Connected to mongodb://localhost/vidly...","level":"info"}
{"message":"Connected to mongodb://localhost/vidly...","level":"info"}
{"message":"listening on port 3000","level":"info"}
{"message":"Connected to mongodb://localhost/vidly...","level":"info"}
{"message":"listening on port 3000","level":"info"}
{"message":"Connected to mongodb://localhost/vidly...","level":"info"}
{"message":"listening on port 3000","level":"info"}
{"message":"Connected to mongodb://localhost/vidly...","level":"info"}
{"message":"listening on port 3000","level":"info"}
{"message":"Connected to mongodb://localhost/vidly...","level":"info"}
{"message":"listening on port 3000","level":"info"}
{"message":"Connected to mongodb://localhost/vidly...","level":"info"}
{"message":"listening on port 3000","level":"info"}
{"message":"Connected to mongodb://localhost/vidly...","level":"info"}
{"message":"listening on port 3000","level":"info"}
{"message":"Connected to mongodb://localhost/vidly...","level":"info"}
{"message":"Connected to mongodb://localhost/vidly...","level":"info"}
{"message":"listening on port 3000","level":"info"}
{"message":"Connected to mongodb://localhost/vidly...","level":"info"}
{"message":"listening on port 3000","level":"info"}
{"message":"Connected to mongodb://localhost/vidly...","level":"info"}
{"message":"listening on port 3000","level":"info"}
{"message":"Connected to mongodb://localhost/vidly...","level":"info"}
{"message":"Connected to mongodb://localhost/vidly...","level":"info"}
{"message":"listening on port 3000","level":"info"}
{"message":"Connected to mongodb://localhost/vidly...","level":"info"}
{"message":"Connected to mongodb://localhost/vidly...","level":"info"}
{"message":"listening on port 3000","level":"info"}
{"message":"Connected to mongodb://localhost/vidly...","level":"info"}
{"message":"listening on port 3000","level":"info"}
{"message":"Connected to mongodb://localhost/vidly...","level":"info"}
{"message":"listening on port 3000","level":"info"}
{"message":"Connected to mongodb://localhost/vidly...","level":"info"}
{"message":"listening on port 3000","level":"info"}
{"message":"Connected to mongodb://localhost/vidly...","level":"info"}
{"message":"listening on port 3000","level":"info"}
{"message":"Connected to mongodb://localhost/vidly...","level":"info"}
{"message":"listening on port 3000","level":"info"}
{"message":"Connected to mongodb://localhost/vidly...","level":"info"}
{"message":"listening on port 3000","level":"info"}
{"message":"Connected to mongodb://localhost/vidly...","level":"info"}
{"message":"Connected to mongodb://localhost/vidly...","level":"info"}
{"message":"listening on port 3000","level":"info"}
{"message":"Connected to mongodb://localhost/vidly...","level":"info"}
{"message":"listening on port 3000","level":"info"}
{"message":"listening on port 3000","level":"info"}
{"message":"Connected to mongodb://localhost/vidly...","level":"info"}
{"message":"listening on port 3000","level":"info"}
{"message":"Connected to mongodb://localhost/vidly...","level":"info"}
{"message":"Connected to mongodb://localhost/vidly...","level":"info"}
{"message":"listening on port 3000","level":"info"}
{"message":"Connected to mongodb://localhost/vidly...","level":"info"}
{"message":"listening on port 3000","level":"info"}
{"message":"Connected to mongodb://localhost/vidly...","level":"info"}
{"message":"listening on port 3000","level":"info"}
{"message":"Connected to mongodb://localhost/vidly...","level":"info"}
{"message":"Connected to mongodb://localhost/vidly...","level":"info"}
{"message":"listening on port 3000","level":"info"}
{"message":"Connected to mongodb://localhost/vidly...","level":"info"}
{"message":"listening on port 3000","level":"info"}
{"message":"Connected to mongodb://localhost/vidly...","level":"info"}
{"message":"listening on port 3000","level":"info"}
{"message":"listening on port 3000","level":"info"}
{"message":"listening on port 3000","level":"info"}
{"message":"listening on port 3000","level":"info"}
{"message":"Connected to mongodb://localhost/vidly...","level":"info"}
{"message":"listening on port 3000","level":"info"}
{"message":"Connected to mongodb://localhost/vidly...","level":"info"}
{"message":"listening on port 3000","level":"info"}
{"message":"Connected to mongodb://localhost/vidly...","level":"info"}
{"message":"Connected to mongodb://localhost/vidly...","level":"info"}
{"message":"Connected to mongodb://localhost/vidly...","level":"info"}
{"message":"Connected to mongodb://localhost/vidly...","level":"info"}
{"message":"listening on port 3000","level":"info"}
{"message":"Connected to mongodb://localhost/vidly...","level":"info"}
{"message":"Connected to mongodb://localhost/vidly...","level":"info"}
{"message":"listening on port 3000","level":"info"}
{"message":"Connected to mongodb://localhost/vidly...","level":"info"}
{"message":"listening on port 3000","level":"info"}
{"message":"Connected to mongodb://localhost/vidly...","level":"info"}
{"message":"Connected to mongodb://localhost/vidly...","level":"info"}
{"message":"Connected to mongodb://localhost/vidly...","level":"info"}
{"message":"listening on port 3000","level":"info"}
{"message":"Connected to mongodb://localhost/vidly...","level":"info"}
{"message":"Connected to mongodb://localhost/vidly...","level":"info"}
{"message":"Connected to mongodb://localhost/vidly...","level":"info"}
{"message":"Connected to mongodb://localhost/vidly...","level":"info"}
{"message":"listening on port 3000","level":"info"}
{"message":"listening on port 3000","level":"info"}
{"message":"Connected to mongodb://localhost/vidly...","level":"info"}
{"level":"error","message":"unhandledRejectionCannot set property '_id' of undefined","stack":"TypeError: Cannot set property '_id' of undefined\n    at Function.<anonymous> (G:\\User\\Documents\\WokingEnviroment\\Angular\\e-commerce-backend-typescript\\src\\server-chat\\friends_model\\controller.ts:22:19)\n    at Generator.next (<anonymous>)\n    at fulfilled (G:\\User\\Documents\\WokingEnviroment\\Angular\\e-commerce-backend-typescript\\src\\server-chat\\friends_model\\controller.ts:4:58)\n    at process._tickCallback (internal/process/next_tick.js:68:7)"}
{"message":"listening on port 3000","level":"info"}
{"message":"Connected to mongodb://localhost/vidly...","level":"info"}
{"level":"error","message":"unhandledRejectionCannot set property '_id' of undefined","stack":"TypeError: Cannot set property '_id' of undefined\n    at Function.<anonymous> (G:\\User\\Documents\\WokingEnviroment\\Angular\\e-commerce-backend-typescript\\src\\server-chat\\friends_model\\controller.ts:22:19)\n    at Generator.next (<anonymous>)\n    at fulfilled (G:\\User\\Documents\\WokingEnviroment\\Angular\\e-commerce-backend-typescript\\src\\server-chat\\friends_model\\controller.ts:4:58)\n    at process._tickCallback (internal/process/next_tick.js:68:7)"}
{"message":"listening on port 3000","level":"info"}
{"message":"listening on port 3000","level":"info"}
{"message":"Connected to mongodb://localhost/vidly...","level":"info"}
{"level":"error","message":"unhandledRejectionCannot set property '_id' of undefined","stack":"TypeError: Cannot set property '_id' of undefined\n    at Function.<anonymous> (G:\\User\\Documents\\WokingEnviroment\\Angular\\e-commerce-backend-typescript\\src\\server-chat\\friends_model\\controller.ts:22:19)\n    at Generator.next (<anonymous>)\n    at fulfilled (G:\\User\\Documents\\WokingEnviroment\\Angular\\e-commerce-backend-typescript\\src\\server-chat\\friends_model\\controller.ts:4:58)\n    at process._tickCallback (internal/process/next_tick.js:68:7)"}
{"message":"listening on port 3000","level":"info"}
{"message":"Connected to mongodb://localhost/vidly...","level":"info"}
{"level":"error","message":"unhandledRejectionCannot set property '_id' of undefined","stack":"TypeError: Cannot set property '_id' of undefined\n    at Function.<anonymous> (G:\\User\\Documents\\WokingEnviroment\\Angular\\e-commerce-backend-typescript\\src\\server-chat\\friends_model\\controller.ts:22:19)\n    at Generator.next (<anonymous>)\n    at fulfilled (G:\\User\\Documents\\WokingEnviroment\\Angular\\e-commerce-backend-typescript\\src\\server-chat\\friends_model\\controller.ts:4:58)\n    at process._tickCallback (internal/process/next_tick.js:68:7)"}
{"message":"listening on port 3000","level":"info"}
{"message":"Connected to mongodb://localhost/vidly...","level":"info"}
{"level":"error","message":"unhandledRejectionCannot set property '_id' of undefined","stack":"TypeError: Cannot set property '_id' of undefined\n    at Function.<anonymous> (G:\\User\\Documents\\WokingEnviroment\\Angular\\e-commerce-backend-typescript\\src\\server-chat\\friends_model\\controller.ts:22:19)\n    at Generator.next (<anonymous>)\n    at fulfilled (G:\\User\\Documents\\WokingEnviroment\\Angular\\e-commerce-backend-typescript\\src\\server-chat\\friends_model\\controller.ts:4:58)\n    at process._tickCallback (internal/process/next_tick.js:68:7)"}
{"message":"Connected to mongodb://localhost/vidly...","level":"info"}
{"message":"Connected to mongodb://localhost/vidly...","level":"info"}
{"message":"listening on port 3000","level":"info"}
{"message":"Connected to mongodb://localhost/vidly...","level":"info"}
{"level":"error","message":"unhandledRejectionCannot set property '_id' of null","stack":"TypeError: Cannot set property '_id' of null\n    at Function.<anonymous> (G:\\User\\Documents\\WokingEnviroment\\Angular\\e-commerce-backend-typescript\\src\\server-chat\\friends_model\\controller.ts:33:19)\n    at Generator.next (<anonymous>)\n    at fulfilled (G:\\User\\Documents\\WokingEnviroment\\Angular\\e-commerce-backend-typescript\\src\\server-chat\\friends_model\\controller.ts:4:58)\n    at process._tickCallback (internal/process/next_tick.js:68:7)"}
{"message":"Connected to mongodb://localhost/vidly...","level":"info"}
{"message":"listening on port 3000","level":"info"}
{"message":"Connected to mongodb://localhost/vidly...","level":"info"}
{"level":"error","message":"unhandledRejectionCannot set property '_id' of undefined","stack":"TypeError: Cannot set property '_id' of undefined\n    at Function.<anonymous> (G:\\User\\Documents\\WokingEnviroment\\Angular\\e-commerce-backend-typescript\\src\\server-chat\\friends_model\\controller.ts:34:19)\n    at Generator.next (<anonymous>)\n    at fulfilled (G:\\User\\Documents\\WokingEnviroment\\Angular\\e-commerce-backend-typescript\\src\\server-chat\\friends_model\\controller.ts:4:58)\n    at process._tickCallback (internal/process/next_tick.js:68:7)"}
{"message":"listening on port 3000","level":"info"}
{"message":"Connected to mongodb://localhost/vidly...","level":"info"}
{"level":"error","message":"unhandledRejectionCannot set property '_id' of undefined","stack":"TypeError: Cannot set property '_id' of undefined\n    at Function.<anonymous> (G:\\User\\Documents\\WokingEnviroment\\Angular\\e-commerce-backend-typescript\\src\\server-chat\\friends_model\\controller.ts:34:19)\n    at Generator.next (<anonymous>)\n    at fulfilled (G:\\User\\Documents\\WokingEnviroment\\Angular\\e-commerce-backend-typescript\\src\\server-chat\\friends_model\\controller.ts:4:58)\n    at process._tickCallback (internal/process/next_tick.js:68:7)"}
{"message":"listening on port 3000","level":"info"}
{"message":"Connected to mongodb://localhost/vidly...","level":"info"}
{"message":"listening on port 3000","level":"info"}
{"message":"Connected to mongodb://localhost/vidly...","level":"info"}
{"message":"listening on port 3000","level":"info"}
{"message":"Connected to mongodb://localhost/vidly...","level":"info"}
{"level":"error","message":"unhandledRejectionCannot set property '_id' of undefined","stack":"TypeError: Cannot set property '_id' of undefined\n    at Function.<anonymous> (G:\\User\\Documents\\WokingEnviroment\\Angular\\e-commerce-backend-typescript\\src\\server-chat\\friends_model\\controller.ts:34:19)\n    at Generator.next (<anonymous>)\n    at fulfilled (G:\\User\\Documents\\WokingEnviroment\\Angular\\e-commerce-backend-typescript\\src\\server-chat\\friends_model\\controller.ts:4:58)\n    at process._tickCallback (internal/process/next_tick.js:68:7)"}
{"message":"listening on port 3000","level":"info"}
{"message":"listening on port 3000","level":"info"}
{"message":"Connected to mongodb://localhost/vidly...","level":"info"}
{"message":"listening on port 3000","level":"info"}
{"message":"Connected to mongodb://localhost/vidly...","level":"info"}
{"level":"error","message":"unhandledRejectionCannot set property '_id' of null","stack":"TypeError: Cannot set property '_id' of null\n    at Function.<anonymous> (G:\\User\\Documents\\WokingEnviroment\\Angular\\e-commerce-backend-typescript\\src\\server-chat\\friends_model\\controller.ts:33:19)\n    at Generator.next (<anonymous>)\n    at fulfilled (G:\\User\\Documents\\WokingEnviroment\\Angular\\e-commerce-backend-typescript\\src\\server-chat\\friends_model\\controller.ts:4:58)\n    at process._tickCallback (internal/process/next_tick.js:68:7)"}
{"message":"listening on port 3000","level":"info"}
{"message":"listening on port 3000","level":"info"}
{"message":"Connected to mongodb://localhost/vidly...","level":"info"}
{"level":"error","message":"unhandledRejectionCannot set property '_id' of null","stack":"TypeError: Cannot set property '_id' of null\n    at Function.<anonymous> (G:\\User\\Documents\\WokingEnviroment\\Angular\\e-commerce-backend-typescript\\src\\server-chat\\friends_model\\controller.ts:33:19)\n    at Generator.next (<anonymous>)\n    at fulfilled (G:\\User\\Documents\\WokingEnviroment\\Angular\\e-commerce-backend-typescript\\src\\server-chat\\friends_model\\controller.ts:4:58)\n    at process._tickCallback (internal/process/next_tick.js:68:7)"}
{"message":"listening on port 3000","level":"info"}
{"message":"Connected to mongodb://localhost/vidly...","level":"info"}
{"message":"Connected to mongodb://localhost/vidly...","level":"info"}
{"message":"listening on port 3000","level":"info"}
{"message":"Connected to mongodb://localhost/vidly...","level":"info"}
{"message":"listening on port 3000","level":"info"}
{"message":"Connected to mongodb://localhost/vidly...","level":"info"}
{"message":"listening on port 3000","level":"info"}
{"message":"Connected to mongodb://localhost/vidly...","level":"info"}
{"message":"listening on port 3000","level":"info"}
{"message":"Connected to mongodb://localhost/vidly...","level":"info"}
{"message":"listening on port 3000","level":"info"}
{"message":"Connected to mongodb://localhost/vidly...","level":"info"}
{"message":"listening on port 3000","level":"info"}
{"message":"listening on port 3000","level":"info"}
{"message":"Connected to mongodb://localhost/vidly...","level":"info"}
{"message":"listening on port 3000","level":"info"}
{"message":"listening on port 3000","level":"info"}
{"message":"Connected to mongodb://localhost/vidly...","level":"info"}
{"message":"Connected to mongodb://localhost/vidly...","level":"info"}
{"message":"Connected to mongodb://localhost/vidly...","level":"info"}
{"message":"listening on port 3000","level":"info"}
{"message":"Connected to mongodb://localhost/vidly...","level":"info"}
{"message":"listening on port 3000","level":"info"}
{"message":"Connected to mongodb://localhost/vidly...","level":"info"}
{"message":"Connected to mongodb://localhost/vidly...","level":"info"}
{"message":"listening on port 3000","level":"info"}
{"message":"Connected to mongodb://localhost/vidly...","level":"info"}
{"errors":{"friends.9._id":{"message":"Cast to ObjectID failed for value \"5cdacc8d5399fa62d872830\" at path \"_id\"","name":"CastError","stringValue":"\"5cdacc8d5399fa62d872830\"","kind":"ObjectID","value":"5cdacc8d5399fa62d872830","path":"_id","reason":{"message":"Cast to ObjectId failed for value \"5cdacc8d5399fa62d872830\" at path \"_id\"","name":"CastError","stringValue":"\"5cdacc8d5399fa62d872830\"","kind":"ObjectId","value":"5cdacc8d5399fa62d872830","path":"_id"}}},"_message":"Chats validation failed","message":"unhandledRejectionChats validation failed: friends.9._id: Cast to ObjectID failed for value \"5cdacc8d5399fa62d872830\" at path \"_id\"","name":"ValidationError","level":"error","stack":"ValidationError: Chats validation failed: friends.9._id: Cast to ObjectID failed for value \"5cdacc8d5399fa62d872830\" at path \"_id\"\n    at new ValidationError (G:\\User\\Documents\\WokingEnviroment\\Angular\\e-commerce-backend-typescript\\node_modules\\mongoose\\lib\\error\\validation.js:30:11)\n    at model.Document.invalidate (G:\\User\\Documents\\WokingEnviroment\\Angular\\e-commerce-backend-typescript\\node_modules\\mongoose\\lib\\document.js:2259:32)\n    at EmbeddedDocument.invalidate (G:\\User\\Documents\\WokingEnviroment\\Angular\\e-commerce-backend-typescript\\node_modules\\mongoose\\lib\\types\\embedded.js:290:29)\n    at EmbeddedDocument.$set (G:\\User\\Documents\\WokingEnviroment\\Angular\\e-commerce-backend-typescript\\node_modules\\mongoose\\lib\\document.js:1079:10)\n    at EmbeddedDocument._handleIndex (G:\\User\\Documents\\WokingEnviroment\\Angular\\e-commerce-backend-typescript\\node_modules\\mongoose\\lib\\document.js:844:14)\n    at EmbeddedDocument.$set (G:\\User\\Documents\\WokingEnviroment\\Angular\\e-commerce-backend-typescript\\node_modules\\mongoose\\lib\\document.js:789:22)\n    at EmbeddedDocument.Document (G:\\User\\Documents\\WokingEnviroment\\Angular\\e-commerce-backend-typescript\\node_modules\\mongoose\\lib\\document.js:122:12)\n    at EmbeddedDocument [as constructor] (G:\\User\\Documents\\WokingEnviroment\\Angular\\e-commerce-backend-typescript\\node_modules\\mongoose\\lib\\types\\embedded.js:41:12)\n    at new EmbeddedDocument (G:\\User\\Documents\\WokingEnviroment\\Angular\\e-commerce-backend-typescript\\node_modules\\mongoose\\lib\\schema\\documentarray.js:93:17)\n    at CoreMongooseArray._cast (G:\\User\\Documents\\WokingEnviroment\\Angular\\e-commerce-backend-typescript\\node_modules\\mongoose\\lib\\types\\documentarray.js:188:12)\n    at CoreMongooseArray._mapCast (G:\\User\\Documents\\WokingEnviroment\\Angular\\e-commerce-backend-typescript\\node_modules\\mongoose\\lib\\types\\array.js:333:17)\n    at Arguments.map (<anonymous>)\n    at CoreMongooseArray.push (G:\\User\\Documents\\WokingEnviroment\\Angular\\e-commerce-backend-typescript\\node_modules\\mongoose\\lib\\types\\array.js:347:25)\n    at Function.<anonymous> (G:\\User\\Documents\\WokingEnviroment\\Angular\\e-commerce-backend-typescript\\src\\server-chat\\friends_model\\controller.ts:30:28)\n    at Generator.next (<anonymous>)\n    at fulfilled (G:\\User\\Documents\\WokingEnviroment\\Angular\\e-commerce-backend-typescript\\src\\server-chat\\friends_model\\controller.ts:4:58)"}
{"message":"listening on port 3000","level":"info"}
{"message":"Connected to mongodb://localhost/vidly...","level":"info"}
{"errors":{"friends.9._id":{"message":"Cast to ObjectID failed for value \"5cdacc8d5399fa62d872830\" at path \"_id\"","name":"CastError","stringValue":"\"5cdacc8d5399fa62d872830\"","kind":"ObjectID","value":"5cdacc8d5399fa62d872830","path":"_id","reason":{"message":"Cast to ObjectId failed for value \"5cdacc8d5399fa62d872830\" at path \"_id\"","name":"CastError","stringValue":"\"5cdacc8d5399fa62d872830\"","kind":"ObjectId","value":"5cdacc8d5399fa62d872830","path":"_id"}}},"_message":"Chats validation failed","message":"unhandledRejectionChats validation failed: friends.9._id: Cast to ObjectID failed for value \"5cdacc8d5399fa62d872830\" at path \"_id\"","name":"ValidationError","level":"error","stack":"ValidationError: Chats validation failed: friends.9._id: Cast to ObjectID failed for value \"5cdacc8d5399fa62d872830\" at path \"_id\"\n    at new ValidationError (G:\\User\\Documents\\WokingEnviroment\\Angular\\e-commerce-backend-typescript\\node_modules\\mongoose\\lib\\error\\validation.js:30:11)\n    at model.Document.invalidate (G:\\User\\Documents\\WokingEnviroment\\Angular\\e-commerce-backend-typescript\\node_modules\\mongoose\\lib\\document.js:2259:32)\n    at EmbeddedDocument.invalidate (G:\\User\\Documents\\WokingEnviroment\\Angular\\e-commerce-backend-typescript\\node_modules\\mongoose\\lib\\types\\embedded.js:290:29)\n    at EmbeddedDocument.$set (G:\\User\\Documents\\WokingEnviroment\\Angular\\e-commerce-backend-typescript\\node_modules\\mongoose\\lib\\document.js:1079:10)\n    at EmbeddedDocument._handleIndex (G:\\User\\Documents\\WokingEnviroment\\Angular\\e-commerce-backend-typescript\\node_modules\\mongoose\\lib\\document.js:844:14)\n    at EmbeddedDocument.$set (G:\\User\\Documents\\WokingEnviroment\\Angular\\e-commerce-backend-typescript\\node_modules\\mongoose\\lib\\document.js:789:22)\n    at EmbeddedDocument.Document (G:\\User\\Documents\\WokingEnviroment\\Angular\\e-commerce-backend-typescript\\node_modules\\mongoose\\lib\\document.js:122:12)\n    at EmbeddedDocument [as constructor] (G:\\User\\Documents\\WokingEnviroment\\Angular\\e-commerce-backend-typescript\\node_modules\\mongoose\\lib\\types\\embedded.js:41:12)\n    at new EmbeddedDocument (G:\\User\\Documents\\WokingEnviroment\\Angular\\e-commerce-backend-typescript\\node_modules\\mongoose\\lib\\schema\\documentarray.js:93:17)\n    at CoreMongooseArray._cast (G:\\User\\Documents\\WokingEnviroment\\Angular\\e-commerce-backend-typescript\\node_modules\\mongoose\\lib\\types\\documentarray.js:188:12)\n    at CoreMongooseArray._mapCast (G:\\User\\Documents\\WokingEnviroment\\Angular\\e-commerce-backend-typescript\\node_modules\\mongoose\\lib\\types\\array.js:333:17)\n    at Arguments.map (<anonymous>)\n    at CoreMongooseArray.push (G:\\User\\Documents\\WokingEnviroment\\Angular\\e-commerce-backend-typescript\\node_modules\\mongoose\\lib\\types\\array.js:347:25)\n    at Function.<anonymous> (G:\\User\\Documents\\WokingEnviroment\\Angular\\e-commerce-backend-typescript\\src\\server-chat\\friends_model\\controller.ts:30:28)\n    at Generator.next (<anonymous>)\n    at fulfilled (G:\\User\\Documents\\WokingEnviroment\\Angular\\e-commerce-backend-typescript\\src\\server-chat\\friends_model\\controller.ts:4:58)"}
{"message":"listening on port 3000","level":"info"}
{"message":"Connected to mongodb://localhost/vidly...","level":"info"}
{"errors":{"friends.9._id":{"message":"Cast to ObjectID failed for value \"5cdacc8d5399fa62d872830\" at path \"_id\"","name":"CastError","stringValue":"\"5cdacc8d5399fa62d872830\"","kind":"ObjectID","value":"5cdacc8d5399fa62d872830","path":"_id","reason":{"message":"Cast to ObjectId failed for value \"5cdacc8d5399fa62d872830\" at path \"_id\"","name":"CastError","stringValue":"\"5cdacc8d5399fa62d872830\"","kind":"ObjectId","value":"5cdacc8d5399fa62d872830","path":"_id"}}},"_message":"Chats validation failed","message":"unhandledRejectionChats validation failed: friends.9._id: Cast to ObjectID failed for value \"5cdacc8d5399fa62d872830\" at path \"_id\"","name":"ValidationError","level":"error","stack":"ValidationError: Chats validation failed: friends.9._id: Cast to ObjectID failed for value \"5cdacc8d5399fa62d872830\" at path \"_id\"\n    at new ValidationError (G:\\User\\Documents\\WokingEnviroment\\Angular\\e-commerce-backend-typescript\\node_modules\\mongoose\\lib\\error\\validation.js:30:11)\n    at model.Document.invalidate (G:\\User\\Documents\\WokingEnviroment\\Angular\\e-commerce-backend-typescript\\node_modules\\mongoose\\lib\\document.js:2259:32)\n    at EmbeddedDocument.invalidate (G:\\User\\Documents\\WokingEnviroment\\Angular\\e-commerce-backend-typescript\\node_modules\\mongoose\\lib\\types\\embedded.js:290:29)\n    at EmbeddedDocument.$set (G:\\User\\Documents\\WokingEnviroment\\Angular\\e-commerce-backend-typescript\\node_modules\\mongoose\\lib\\document.js:1079:10)\n    at EmbeddedDocument._handleIndex (G:\\User\\Documents\\WokingEnviroment\\Angular\\e-commerce-backend-typescript\\node_modules\\mongoose\\lib\\document.js:844:14)\n    at EmbeddedDocument.$set (G:\\User\\Documents\\WokingEnviroment\\Angular\\e-commerce-backend-typescript\\node_modules\\mongoose\\lib\\document.js:789:22)\n    at EmbeddedDocument.Document (G:\\User\\Documents\\WokingEnviroment\\Angular\\e-commerce-backend-typescript\\node_modules\\mongoose\\lib\\document.js:122:12)\n    at EmbeddedDocument [as constructor] (G:\\User\\Documents\\WokingEnviroment\\Angular\\e-commerce-backend-typescript\\node_modules\\mongoose\\lib\\types\\embedded.js:41:12)\n    at new EmbeddedDocument (G:\\User\\Documents\\WokingEnviroment\\Angular\\e-commerce-backend-typescript\\node_modules\\mongoose\\lib\\schema\\documentarray.js:93:17)\n    at CoreMongooseArray._cast (G:\\User\\Documents\\WokingEnviroment\\Angular\\e-commerce-backend-typescript\\node_modules\\mongoose\\lib\\types\\documentarray.js:188:12)\n    at CoreMongooseArray._mapCast (G:\\User\\Documents\\WokingEnviroment\\Angular\\e-commerce-backend-typescript\\node_modules\\mongoose\\lib\\types\\array.js:333:17)\n    at Arguments.map (<anonymous>)\n    at CoreMongooseArray.push (G:\\User\\Documents\\WokingEnviroment\\Angular\\e-commerce-backend-typescript\\node_modules\\mongoose\\lib\\types\\array.js:347:25)\n    at Function.<anonymous> (G:\\User\\Documents\\WokingEnviroment\\Angular\\e-commerce-backend-typescript\\src\\server-chat\\friends_model\\controller.ts:30:28)\n    at Generator.next (<anonymous>)\n    at fulfilled (G:\\User\\Documents\\WokingEnviroment\\Angular\\e-commerce-backend-typescript\\src\\server-chat\\friends_model\\controller.ts:4:58)"}
{"message":"listening on port 3000","level":"info"}
{"message":"Connected to mongodb://localhost/vidly...","level":"info"}
{"message":"Connected to mongodb://localhost/vidly...","level":"info"}
{"message":"Connected to mongodb://localhost/vidly...","level":"info"}
{"message":"listening on port 3000","level":"info"}
{"message":"Connected to mongodb://localhost/vidly...","level":"info"}
{"errors":{"friends.9._id":{"message":"Cast to ObjectID failed for value \"abc123\" at path \"_id\"","name":"CastError","stringValue":"\"abc123\"","kind":"ObjectID","value":"abc123","path":"_id","reason":{"message":"Cast to ObjectId failed for value \"abc123\" at path \"_id\"","name":"CastError","stringValue":"\"abc123\"","kind":"ObjectId","value":"abc123","path":"_id"}}},"_message":"Chats validation failed","message":"unhandledRejectionChats validation failed: friends.9._id: Cast to ObjectID failed for value \"abc123\" at path \"_id\"","name":"ValidationError","level":"error","stack":"ValidationError: Chats validation failed: friends.9._id: Cast to ObjectID failed for value \"abc123\" at path \"_id\"\n    at new ValidationError (G:\\User\\Documents\\WokingEnviroment\\Angular\\e-commerce-backend-typescript\\node_modules\\mongoose\\lib\\error\\validation.js:30:11)\n    at model.Document.invalidate (G:\\User\\Documents\\WokingEnviroment\\Angular\\e-commerce-backend-typescript\\node_modules\\mongoose\\lib\\document.js:2259:32)\n    at EmbeddedDocument.invalidate (G:\\User\\Documents\\WokingEnviroment\\Angular\\e-commerce-backend-typescript\\node_modules\\mongoose\\lib\\types\\embedded.js:290:29)\n    at EmbeddedDocument.$set (G:\\User\\Documents\\WokingEnviroment\\Angular\\e-commerce-backend-typescript\\node_modules\\mongoose\\lib\\document.js:1079:10)\n    at EmbeddedDocument._handleIndex (G:\\User\\Documents\\WokingEnviroment\\Angular\\e-commerce-backend-typescript\\node_modules\\mongoose\\lib\\document.js:844:14)\n    at EmbeddedDocument.$set (G:\\User\\Documents\\WokingEnviroment\\Angular\\e-commerce-backend-typescript\\node_modules\\mongoose\\lib\\document.js:789:22)\n    at EmbeddedDocument.Document (G:\\User\\Documents\\WokingEnviroment\\Angular\\e-commerce-backend-typescript\\node_modules\\mongoose\\lib\\document.js:122:12)\n    at EmbeddedDocument [as constructor] (G:\\User\\Documents\\WokingEnviroment\\Angular\\e-commerce-backend-typescript\\node_modules\\mongoose\\lib\\types\\embedded.js:41:12)\n    at new EmbeddedDocument (G:\\User\\Documents\\WokingEnviroment\\Angular\\e-commerce-backend-typescript\\node_modules\\mongoose\\lib\\schema\\documentarray.js:93:17)\n    at CoreMongooseArray._cast (G:\\User\\Documents\\WokingEnviroment\\Angular\\e-commerce-backend-typescript\\node_modules\\mongoose\\lib\\types\\documentarray.js:188:12)\n    at CoreMongooseArray._mapCast (G:\\User\\Documents\\WokingEnviroment\\Angular\\e-commerce-backend-typescript\\node_modules\\mongoose\\lib\\types\\array.js:333:17)\n    at Arguments.map (<anonymous>)\n    at CoreMongooseArray.push (G:\\User\\Documents\\WokingEnviroment\\Angular\\e-commerce-backend-typescript\\node_modules\\mongoose\\lib\\types\\array.js:347:25)\n    at Function.<anonymous> (G:\\User\\Documents\\WokingEnviroment\\Angular\\e-commerce-backend-typescript\\src\\server-chat\\friends_model\\controller.ts:30:28)\n    at Generator.next (<anonymous>)\n    at fulfilled (G:\\User\\Documents\\WokingEnviroment\\Angular\\e-commerce-backend-typescript\\src\\server-chat\\friends_model\\controller.ts:4:58)"}
{"message":"listening on port 3000","level":"info"}
{"message":"Connected to mongodb://localhost/vidly...","level":"info"}
{"message":"listening on port 3000","level":"info"}
{"message":"Connected to mongodb://localhost/vidly...","level":"info"}
{"message":"listening on port 3000","level":"info"}
{"message":"listening on port 3000","level":"info"}
{"message":"listening on port 3000","level":"info"}
{"message":"Connected to mongodb://localhost/vidly...","level":"info"}
{"message":"listening on port 3000","level":"info"}
{"message":"Connected to mongodb://localhost/vidly...","level":"info"}
{"message":"listening on port 3000","level":"info"}
{"message":"Connected to mongodb://localhost/vidly...","level":"info"}
{"message":"listening on port 3000","level":"info"}
{"message":"Connected to mongodb://localhost/vidly...","level":"info"}
{"message":"listening on port 3000","level":"info"}
{"message":"Connected to mongodb://localhost/vidly...","level":"info"}
{"message":"listening on port 3000","level":"info"}
{"message":"Connected to mongodb://localhost/vidly...","level":"info"}
{"message":"listening on port 3000","level":"info"}
{"message":"Connected to mongodb://localhost/vidly...","level":"info"}
{"message":"Connected to mongodb://localhost/vidly...","level":"info"}
{"message":"listening on port 3000","level":"info"}
{"message":"Connected to mongodb://localhost/vidly...","level":"info"}
{"message":"Connected to mongodb://localhost/vidly...","level":"info"}
{"message":"listening on port 3000","level":"info"}
{"message":"Connected to mongodb://localhost/vidly...","level":"info"}
{"message":"listening on port 3000","level":"info"}
{"message":"Connected to mongodb://localhost/vidly...","level":"info"}
{"message":"listening on port 3000","level":"info"}
{"message":"Connected to mongodb://localhost/vidly...","level":"info"}
{"message":"listening on port 3000","level":"info"}
{"message":"Connected to mongodb://localhost/vidly...","level":"info"}
{"message":"listening on port 3000","level":"info"}
{"message":"Connected to mongodb://localhost/vidly...","level":"info"}
{"message":"listening on port 3000","level":"info"}
{"message":"Connected to mongodb://localhost/vidly...","level":"info"}
{"message":"listening on port 3000","level":"info"}
{"message":"listening on port 3000","level":"info"}
{"message":"Connected to mongodb://localhost/vidly...","level":"info"}
{"message":"listening on port 3000","level":"info"}
{"message":"Connected to mongodb://localhost/vidly...","level":"info"}
{"message":"listening on port 3000","level":"info"}
{"message":"listening on port 3000","level":"info"}
{"message":"Connected to mongodb://localhost/vidly...","level":"info"}
{"message":"listening on port 3000","level":"info"}
{"message":"Connected to mongodb://localhost/vidly...","level":"info"}
{"message":"Connected to mongodb://localhost/vidly...","level":"info"}
{"message":"Connected to mongodb://localhost/vidly...","level":"info"}
{"message":"listening on port 3000","level":"info"}
{"message":"Connected to mongodb://localhost/vidly...","level":"info"}
{"message":"listening on port 3000","level":"info"}
{"message":"Connected to mongodb://localhost/vidly...","level":"info"}
{"message":"Connected to mongodb://localhost/vidly...","level":"info"}
{"message":"listening on port 3000","level":"info"}
{"message":"Connected to mongodb://localhost/vidly...","level":"info"}
{"message":"Connected to mongodb://localhost/vidly...","level":"info"}
{"message":"listening on port 3000","level":"info"}
{"message":"Connected to mongodb://localhost/vidly...","level":"info"}
{"message":"listening on port 3000","level":"info"}
{"message":"Connected to mongodb://localhost/vidly...","level":"info"}
{"message":"listening on port 3000","level":"info"}
{"message":"Connected to mongodb://localhost/vidly...","level":"info"}
{"message":"listening on port 3000","level":"info"}
{"message":"Connected to mongodb://localhost/vidly...","level":"info"}
{"message":"unhandledRejectionCast to ObjectId failed for value \"asasd\" at path \"_id\" for model \"User\"","name":"CastError","stringValue":"\"asasd\"","kind":"ObjectId","value":"asasd","path":"_id","level":"error","stack":"CastError: Cast to ObjectId failed for value \"asasd\" at path \"_id\" for model \"User\"\n    at new CastError (G:\\User\\Documents\\WokingEnviroment\\Angular\\e-commerce-backend-typescript\\node_modules\\mongoose\\lib\\error\\cast.js:29:11)\n    at ObjectId.cast (G:\\User\\Documents\\WokingEnviroment\\Angular\\e-commerce-backend-typescript\\node_modules\\mongoose\\lib\\schema\\objectid.js:242:11)\n    at ObjectId.SchemaType.applySetters (G:\\User\\Documents\\WokingEnviroment\\Angular\\e-commerce-backend-typescript\\node_modules\\mongoose\\lib\\schematype.js:892:12)\n    at ObjectId.SchemaType._castForQuery (G:\\User\\Documents\\WokingEnviroment\\Angular\\e-commerce-backend-typescript\\node_modules\\mongoose\\lib\\schematype.js:1304:15)\n    at ObjectId.SchemaType.castForQuery (G:\\User\\Documents\\WokingEnviroment\\Angular\\e-commerce-backend-typescript\\node_modules\\mongoose\\lib\\schematype.js:1294:15)\n    at ObjectId.SchemaType.castForQueryWrapper (G:\\User\\Documents\\WokingEnviroment\\Angular\\e-commerce-backend-typescript\\node_modules\\mongoose\\lib\\schematype.js:1273:15)\n    at cast (G:\\User\\Documents\\WokingEnviroment\\Angular\\e-commerce-backend-typescript\\node_modules\\mongoose\\lib\\cast.js:307:32)\n    at model.Query.Query.cast (G:\\User\\Documents\\WokingEnviroment\\Angular\\e-commerce-backend-typescript\\node_modules\\mongoose\\lib\\query.js:4528:12)\n    at model.Query.Query._castConditions (G:\\User\\Documents\\WokingEnviroment\\Angular\\e-commerce-backend-typescript\\node_modules\\mongoose\\lib\\query.js:1762:10)\n    at model.Query.<anonymous> (G:\\User\\Documents\\WokingEnviroment\\Angular\\e-commerce-backend-typescript\\node_modules\\mongoose\\lib\\query.js:2015:8)\n    at model.Query._wrappedThunk [as _findOne] (G:\\User\\Documents\\WokingEnviroment\\Angular\\e-commerce-backend-typescript\\node_modules\\mongoose\\lib\\helpers\\query\\wrapThunk.js:16:8)\n    at process.nextTick (G:\\User\\Documents\\WokingEnviroment\\Angular\\e-commerce-backend-typescript\\node_modules\\kareem\\index.js:369:33)\n    at process._tickCallback (internal/process/next_tick.js:61:11)"}
{"message":"listening on port 3000","level":"info"}
{"message":"Connected to mongodb://localhost/vidly...","level":"info"}
{"message":"unhandledRejectionCast to ObjectId failed for value \"asasd\" at path \"_id\" for model \"User\"","name":"CastError","stringValue":"\"asasd\"","kind":"ObjectId","value":"asasd","path":"_id","level":"error","stack":"CastError: Cast to ObjectId failed for value \"asasd\" at path \"_id\" for model \"User\"\n    at new CastError (G:\\User\\Documents\\WokingEnviroment\\Angular\\e-commerce-backend-typescript\\node_modules\\mongoose\\lib\\error\\cast.js:29:11)\n    at ObjectId.cast (G:\\User\\Documents\\WokingEnviroment\\Angular\\e-commerce-backend-typescript\\node_modules\\mongoose\\lib\\schema\\objectid.js:242:11)\n    at ObjectId.SchemaType.applySetters (G:\\User\\Documents\\WokingEnviroment\\Angular\\e-commerce-backend-typescript\\node_modules\\mongoose\\lib\\schematype.js:892:12)\n    at ObjectId.SchemaType._castForQuery (G:\\User\\Documents\\WokingEnviroment\\Angular\\e-commerce-backend-typescript\\node_modules\\mongoose\\lib\\schematype.js:1304:15)\n    at ObjectId.SchemaType.castForQuery (G:\\User\\Documents\\WokingEnviroment\\Angular\\e-commerce-backend-typescript\\node_modules\\mongoose\\lib\\schematype.js:1294:15)\n    at ObjectId.SchemaType.castForQueryWrapper (G:\\User\\Documents\\WokingEnviroment\\Angular\\e-commerce-backend-typescript\\node_modules\\mongoose\\lib\\schematype.js:1273:15)\n    at cast (G:\\User\\Documents\\WokingEnviroment\\Angular\\e-commerce-backend-typescript\\node_modules\\mongoose\\lib\\cast.js:307:32)\n    at model.Query.Query.cast (G:\\User\\Documents\\WokingEnviroment\\Angular\\e-commerce-backend-typescript\\node_modules\\mongoose\\lib\\query.js:4528:12)\n    at model.Query.Query._castConditions (G:\\User\\Documents\\WokingEnviroment\\Angular\\e-commerce-backend-typescript\\node_modules\\mongoose\\lib\\query.js:1762:10)\n    at model.Query.<anonymous> (G:\\User\\Documents\\WokingEnviroment\\Angular\\e-commerce-backend-typescript\\node_modules\\mongoose\\lib\\query.js:2015:8)\n    at model.Query._wrappedThunk [as _findOne] (G:\\User\\Documents\\WokingEnviroment\\Angular\\e-commerce-backend-typescript\\node_modules\\mongoose\\lib\\helpers\\query\\wrapThunk.js:16:8)\n    at process.nextTick (G:\\User\\Documents\\WokingEnviroment\\Angular\\e-commerce-backend-typescript\\node_modules\\kareem\\index.js:369:33)\n    at process._tickCallback (internal/process/next_tick.js:61:11)"}
{"message":"listening on port 3000","level":"info"}
{"message":"Connected to mongodb://localhost/vidly...","level":"info"}
{"message":"unhandledRejectionCast to ObjectId failed for value \"asdadsa\" at path \"_id\" for model \"User\"","name":"CastError","stringValue":"\"asdadsa\"","kind":"ObjectId","value":"asdadsa","path":"_id","level":"error","stack":"CastError: Cast to ObjectId failed for value \"asdadsa\" at path \"_id\" for model \"User\"\n    at new CastError (G:\\User\\Documents\\WokingEnviroment\\Angular\\e-commerce-backend-typescript\\node_modules\\mongoose\\lib\\error\\cast.js:29:11)\n    at ObjectId.cast (G:\\User\\Documents\\WokingEnviroment\\Angular\\e-commerce-backend-typescript\\node_modules\\mongoose\\lib\\schema\\objectid.js:242:11)\n    at ObjectId.SchemaType.applySetters (G:\\User\\Documents\\WokingEnviroment\\Angular\\e-commerce-backend-typescript\\node_modules\\mongoose\\lib\\schematype.js:892:12)\n    at ObjectId.SchemaType._castForQuery (G:\\User\\Documents\\WokingEnviroment\\Angular\\e-commerce-backend-typescript\\node_modules\\mongoose\\lib\\schematype.js:1304:15)\n    at ObjectId.SchemaType.castForQuery (G:\\User\\Documents\\WokingEnviroment\\Angular\\e-commerce-backend-typescript\\node_modules\\mongoose\\lib\\schematype.js:1294:15)\n    at ObjectId.SchemaType.castForQueryWrapper (G:\\User\\Documents\\WokingEnviroment\\Angular\\e-commerce-backend-typescript\\node_modules\\mongoose\\lib\\schematype.js:1273:15)\n    at cast (G:\\User\\Documents\\WokingEnviroment\\Angular\\e-commerce-backend-typescript\\node_modules\\mongoose\\lib\\cast.js:307:32)\n    at model.Query.Query.cast (G:\\User\\Documents\\WokingEnviroment\\Angular\\e-commerce-backend-typescript\\node_modules\\mongoose\\lib\\query.js:4528:12)\n    at model.Query.Query._castConditions (G:\\User\\Documents\\WokingEnviroment\\Angular\\e-commerce-backend-typescript\\node_modules\\mongoose\\lib\\query.js:1762:10)\n    at model.Query.<anonymous> (G:\\User\\Documents\\WokingEnviroment\\Angular\\e-commerce-backend-typescript\\node_modules\\mongoose\\lib\\query.js:2015:8)\n    at model.Query._wrappedThunk [as _findOne] (G:\\User\\Documents\\WokingEnviroment\\Angular\\e-commerce-backend-typescript\\node_modules\\mongoose\\lib\\helpers\\query\\wrapThunk.js:16:8)\n    at process.nextTick (G:\\User\\Documents\\WokingEnviroment\\Angular\\e-commerce-backend-typescript\\node_modules\\kareem\\index.js:369:33)\n    at process._tickCallback (internal/process/next_tick.js:61:11)"}
{"message":"Connected to mongodb://localhost/vidly...","level":"info"}
{"message":"listening on port 3000","level":"info"}
{"message":"Connected to mongodb://localhost/vidly...","level":"info"}
{"message":"unhandledRejectionCast to ObjectId failed for value \"adadadd\" at path \"_id\" for model \"User\"","name":"CastError","stringValue":"\"adadadd\"","kind":"ObjectId","value":"adadadd","path":"_id","level":"error","stack":"CastError: Cast to ObjectId failed for value \"adadadd\" at path \"_id\" for model \"User\"\n    at new CastError (G:\\User\\Documents\\WokingEnviroment\\Angular\\e-commerce-backend-typescript\\node_modules\\mongoose\\lib\\error\\cast.js:29:11)\n    at ObjectId.cast (G:\\User\\Documents\\WokingEnviroment\\Angular\\e-commerce-backend-typescript\\node_modules\\mongoose\\lib\\schema\\objectid.js:242:11)\n    at ObjectId.SchemaType.applySetters (G:\\User\\Documents\\WokingEnviroment\\Angular\\e-commerce-backend-typescript\\node_modules\\mongoose\\lib\\schematype.js:892:12)\n    at ObjectId.SchemaType._castForQuery (G:\\User\\Documents\\WokingEnviroment\\Angular\\e-commerce-backend-typescript\\node_modules\\mongoose\\lib\\schematype.js:1304:15)\n    at ObjectId.SchemaType.castForQuery (G:\\User\\Documents\\WokingEnviroment\\Angular\\e-commerce-backend-typescript\\node_modules\\mongoose\\lib\\schematype.js:1294:15)\n    at ObjectId.SchemaType.castForQueryWrapper (G:\\User\\Documents\\WokingEnviroment\\Angular\\e-commerce-backend-typescript\\node_modules\\mongoose\\lib\\schematype.js:1273:15)\n    at cast (G:\\User\\Documents\\WokingEnviroment\\Angular\\e-commerce-backend-typescript\\node_modules\\mongoose\\lib\\cast.js:307:32)\n    at model.Query.Query.cast (G:\\User\\Documents\\WokingEnviroment\\Angular\\e-commerce-backend-typescript\\node_modules\\mongoose\\lib\\query.js:4528:12)\n    at model.Query.Query._castConditions (G:\\User\\Documents\\WokingEnviroment\\Angular\\e-commerce-backend-typescript\\node_modules\\mongoose\\lib\\query.js:1762:10)\n    at model.Query.<anonymous> (G:\\User\\Documents\\WokingEnviroment\\Angular\\e-commerce-backend-typescript\\node_modules\\mongoose\\lib\\query.js:2015:8)\n    at model.Query._wrappedThunk [as _findOne] (G:\\User\\Documents\\WokingEnviroment\\Angular\\e-commerce-backend-typescript\\node_modules\\mongoose\\lib\\helpers\\query\\wrapThunk.js:16:8)\n    at process.nextTick (G:\\User\\Documents\\WokingEnviroment\\Angular\\e-commerce-backend-typescript\\node_modules\\kareem\\index.js:369:33)\n    at process._tickCallback (internal/process/next_tick.js:61:11)"}
{"message":"Connected to mongodb://localhost/vidly...","level":"info"}
{"message":"listening on port 3000","level":"info"}
{"message":"Connected to mongodb://localhost/vidly...","level":"info"}
{"message":"Connected to mongodb://localhost/vidly...","level":"info"}
{"message":"listening on port 3000","level":"info"}
{"message":"Connected to mongodb://localhost/vidly...","level":"info"}
{"message":"listening on port 3000","level":"info"}
{"message":"Connected to mongodb://localhost/vidly...","level":"info"}
{"message":"listening on port 3000","level":"info"}
{"message":"Connected to mongodb://localhost/vidly...","level":"info"}
{"message":"Connected to mongodb://localhost/vidly...","level":"info"}
{"message":"listening on port 3000","level":"info"}
{"message":"Connected to mongodb://localhost/vidly...","level":"info"}
{"message":"listening on port 3000","level":"info"}
{"message":"Connected to mongodb://localhost/vidly...","level":"info"}
{"message":"listening on port 3000","level":"info"}
{"message":"Connected to mongodb://localhost/vidly...","level":"info"}
{"message":"Connected to mongodb://localhost/vidly...","level":"info"}
{"message":"listening on port 3000","level":"info"}
{"message":"Connected to mongodb://localhost/vidly...","level":"info"}
{"level":"error","message":"unhandledRejectionCannot read property 'friends' of null","stack":"TypeError: Cannot read property 'friends' of null\n    at Function.<anonymous> (G:\\User\\Documents\\WokingEnviroment\\Angular\\e-commerce-backend-typescript\\src\\server-chat\\friends_model\\controller.ts:21:19)\n    at Generator.next (<anonymous>)\n    at fulfilled (G:\\User\\Documents\\WokingEnviroment\\Angular\\e-commerce-backend-typescript\\src\\server-chat\\friends_model\\controller.ts:4:58)\n    at process._tickCallback (internal/process/next_tick.js:68:7)"}
{"message":"listening on port 3000","level":"info"}
{"message":"Connected to mongodb://localhost/vidly...","level":"info"}
{"message":"Connected to mongodb://localhost/vidly...","level":"info"}
{"message":"listening on port 3000","level":"info"}
{"message":"Connected to mongodb://localhost/vidly...","level":"info"}
{"message":"Connected to mongodb://localhost/vidly...","level":"info"}
{"message":"listening on port 3000","level":"info"}
{"message":"Connected to mongodb://localhost/vidly...","level":"info"}
{"message":"listening on port 3000","level":"info"}
{"message":"Connected to mongodb://localhost/vidly...","level":"info"}
{"message":"listening on port 3000","level":"info"}
{"message":"Connected to mongodb://localhost/vidly...","level":"info"}
{"message":"listening on port 3000","level":"info"}
{"message":"Connected to mongodb://localhost/vidly...","level":"info"}
{"message":"Connected to mongodb://localhost/vidly...","level":"info"}
{"message":"listening on port 3000","level":"info"}
{"message":"Connected to mongodb://localhost/vidly...","level":"info"}
{"message":"Connected to mongodb://localhost/vidly...","level":"info"}
{"message":"listening on port 3000","level":"info"}
{"message":"Connected to mongodb://localhost/vidly...","level":"info"}
{"message":"Connected to mongodb://localhost/vidly...","level":"info"}
{"message":"listening on port 3000","level":"info"}
{"message":"Connected to mongodb://localhost/vidly...","level":"info"}
{"message":"listening on port 3000","level":"info"}
{"message":"Connected to mongodb://localhost/vidly...","level":"info"}
{"message":"listening on port 3000","level":"info"}
{"message":"Connected to mongodb://localhost/vidly...","level":"info"}
{"message":"listening on port 3000","level":"info"}
{"message":"Connected to mongodb://localhost/vidly...","level":"info"}
{"message":"listening on port 3000","level":"info"}
{"message":"Connected to mongodb://localhost/vidly...","level":"info"}
{"message":"listening on port 3000","level":"info"}
{"message":"Connected to mongodb://localhost/vidly...","level":"info"}
{"message":"listening on port 3000","level":"info"}
{"message":"Connected to mongodb://localhost/vidly...","level":"info"}
{"message":"Connected to mongodb://localhost/vidly...","level":"info"}
{"message":"listening on port 3000","level":"info"}
{"message":"Connected to mongodb://localhost/vidly...","level":"info"}
{"message":"listening on port 3000","level":"info"}
{"message":"Connected to mongodb://localhost/vidly...","level":"info"}
